OverlayHUD/app/build/intermediates/manifest_merge_blame_file/debug/processDebugMainManifest/manifest-merger-blame-debug-report.txt
1<?xml version="1.0" encoding="utf-8"?>
2<manifest xmlns:android="http://schemas.android.com/apk/res/android"
3    package="com.example.overlayhud"
4    android:versionCode="1"
5    android:versionName="1.0" >
6
7    <uses-sdk
8        android:minSdkVersion="26"
9        android:targetSdkVersion="34" />
10
11    <!-- Permisos necesarios -->
12    <uses-permission android:name="android.permission.SYSTEM_ALERT_WINDOW" />
12-->src/main/AndroidManifest.xml:6:13-86
12-->src/main/AndroidManifest.xml:6:30-83
13    <uses-permission android:name="android.permission.FOREGROUND_SERVICE" />
13-->src/main/AndroidManifest.xml:7:17-89
13-->src/main/AndroidManifest.xml:7:34-86
14    <uses-permission android:name="android.permission.FOREGROUND_SERVICE_MEDIA_PROJECTION" />
14-->src/main/AndroidManifest.xml:8:21-110
14-->src/main/AndroidManifest.xml:8:38-107
15
16    <permission
16-->[androidx.core:core:1.12.0] AndroidManifest.xml:22:5-24:47
17        android:name="com.example.overlayhud.DYNAMIC_RECEIVER_NOT_EXPORTED_PERMISSION"
17-->[androidx.core:core:1.12.0] AndroidManifest.xml:23:9-81
18        android:protectionLevel="signature" />
18-->[androidx.core:core:1.12.0] AndroidManifest.xml:24:9-44
19
20    <uses-permission android:name="com.example.overlayhud.DYNAMIC_RECEIVER_NOT_EXPORTED_PERMISSION" />
20-->[androidx.core:core:1.12.0] AndroidManifest.xml:26:5-97
20-->[androidx.core:core:1.12.0] AndroidManifest.xml:26:22-94
21
22    <application
22-->src/main/AndroidManifest.xml:10:25-66:591
23        android:allowBackup="true"
23-->src/main/AndroidManifest.xml:13:49-75
24        android:appComponentFactory="androidx.core.app.CoreComponentFactory"
24-->[androidx.core:core:1.12.0] AndroidManifest.xml:28:18-86
25        android:debuggable="true"
26        android:extractNativeLibs="false"
27        android:label="@string/app_name"
27-->src/main/AndroidManifest.xml:11:33-65
28        android:theme="@style/Theme.OverlayHUD.Dark" >
28-->src/main/AndroidManifest.xml:12:41-85
29
30        <!-- Actividad principal -->
31        <activity
31-->src/main/AndroidManifest.xml:16:65-23:164
32            android:name="com.example.overlayhud.MainActivity"
32-->src/main/AndroidManifest.xml:17:77-105
33            android:exported="true" >
33-->src/main/AndroidManifest.xml:18:89-112
34            <intent-filter>
34-->src/main/AndroidManifest.xml:19:101-22:161
35                <action android:name="android.intent.action.MAIN" />
35-->src/main/AndroidManifest.xml:20:117-168
35-->src/main/AndroidManifest.xml:20:125-166
36
37                <category android:name="android.intent.category.LAUNCHER" />
37-->src/main/AndroidManifest.xml:21:133-192
37-->src/main/AndroidManifest.xml:21:143-190
38            </intent-filter>
39        </activity>
40
41        <!-- Actividad de configuración -->
42        <activity
42-->src/main/AndroidManifest.xml:26:169-28:220
43            android:name="com.example.overlayhud.ConfigActivity"
43-->src/main/AndroidManifest.xml:27:181-211
44            android:exported="false" />
44-->src/main/AndroidManifest.xml:28:193-217
45
46        <!-- Servicio principal de HUD (foreground service para mediaProjection) -->
47        <service
47-->src/main/AndroidManifest.xml:31:209-34:295
48            android:name="com.example.overlayhud.OverlayHudService"
48-->src/main/AndroidManifest.xml:32:221-254
49            android:exported="false"
49-->src/main/AndroidManifest.xml:33:233-257
50            android:foregroundServiceType="mediaProjection" />
50-->src/main/AndroidManifest.xml:34:245-292
51
52        <!-- IME (Input Method Service) -->
53        <service
53-->src/main/AndroidManifest.xml:37:261-47:399
54            android:name="com.example.overlayhud.WASDInputMethodService"
54-->src/main/AndroidManifest.xml:38:273-311
55            android:exported="false"
55-->src/main/AndroidManifest.xml:40:297-321
56            android:permission="android.permission.BIND_INPUT_METHOD" >
56-->src/main/AndroidManifest.xml:39:285-342
57            <intent-filter>
57-->src/main/AndroidManifest.xml:41:309-43:353
58                <action android:name="android.view.InputMethod" />
58-->src/main/AndroidManifest.xml:42:325-375
58-->src/main/AndroidManifest.xml:42:333-372
59            </intent-filter>
60
61            <meta-data
61-->src/main/AndroidManifest.xml:44:349-46:414
62                android:name="android.view.im"
62-->src/main/AndroidManifest.xml:45:365-395
63                android:resource="@xml/method" />
63-->src/main/AndroidManifest.xml:46:381-411
64        </service>
65
66        <!-- Accessibility service (para dispatchGesture / gestos) -->
67        <service
67-->src/main/AndroidManifest.xml:50:405-60:543
68            android:name="com.example.overlayhud.MouseAccessibilityService"
68-->src/main/AndroidManifest.xml:51:417-458
69            android:exported="false"
69-->src/main/AndroidManifest.xml:53:441-465
70            android:permission="android.permission.BIND_ACCESSIBILITY_SERVICE" >
70-->src/main/AndroidManifest.xml:52:429-495
71            <intent-filter>
71-->src/main/AndroidManifest.xml:54:453-56:497
72                <action android:name="android.accessibilityservice.AccessibilityService" />
72-->src/main/AndroidManifest.xml:55:469-544
72-->src/main/AndroidManifest.xml:55:477-541
73            </intent-filter>
74
75            <meta-data
75-->src/main/AndroidManifest.xml:57:493-59:573
76                android:name="android.accessibilityservice"
76-->src/main/AndroidManifest.xml:58:509-552
77                android:resource="@xml/accessibility_service" />
77-->src/main/AndroidManifest.xml:59:525-570
78        </service>
79
80        <!-- Broadcast receiver para acciones de la notificación -->
81        <receiver
81-->src/main/AndroidManifest.xml:63:549-65:600
82            android:name="com.example.overlayhud.ToggleReceiver"
82-->src/main/AndroidManifest.xml:64:561-591
83            android:exported="false" />
83-->src/main/AndroidManifest.xml:65:573-597
84
85        <provider
85-->[androidx.emoji2:emoji2:1.2.0] AndroidManifest.xml:24:9-32:20
86            android:name="androidx.startup.InitializationProvider"
86-->[androidx.emoji2:emoji2:1.2.0] AndroidManifest.xml:25:13-67
87            android:authorities="com.example.overlayhud.androidx-startup"
87-->[androidx.emoji2:emoji2:1.2.0] AndroidManifest.xml:26:13-68
88            android:exported="false" >
88-->[androidx.emoji2:emoji2:1.2.0] AndroidManifest.xml:27:13-37
89            <meta-data
89-->[androidx.emoji2:emoji2:1.2.0] AndroidManifest.xml:29:13-31:52
90                android:name="androidx.emoji2.text.EmojiCompatInitializer"
90-->[androidx.emoji2:emoji2:1.2.0] AndroidManifest.xml:30:17-75
91                android:value="androidx.startup" />
91-->[androidx.emoji2:emoji2:1.2.0] AndroidManifest.xml:31:17-49
92            <meta-data
92-->[androidx.lifecycle:lifecycle-process:2.6.1] AndroidManifest.xml:29:13-31:52
93                android:name="androidx.lifecycle.ProcessLifecycleInitializer"
93-->[androidx.lifecycle:lifecycle-process:2.6.1] AndroidManifest.xml:30:17-78
94                android:value="androidx.startup" />
94-->[androidx.lifecycle:lifecycle-process:2.6.1] AndroidManifest.xml:31:17-49
95            <meta-data
95-->[androidx.profileinstaller:profileinstaller:1.3.0] AndroidManifest.xml:29:13-31:52
96                android:name="androidx.profileinstaller.ProfileInstallerInitializer"
96-->[androidx.profileinstaller:profileinstaller:1.3.0] AndroidManifest.xml:30:17-85
97                android:value="androidx.startup" />
97-->[androidx.profileinstaller:profileinstaller:1.3.0] AndroidManifest.xml:31:17-49
98        </provider>
99
100        <receiver
100-->[androidx.profileinstaller:profileinstaller:1.3.0] AndroidManifest.xml:34:9-52:20
101            android:name="androidx.profileinstaller.ProfileInstallReceiver"
101-->[androidx.profileinstaller:profileinstaller:1.3.0] AndroidManifest.xml:35:13-76
102            android:directBootAware="false"
102-->[androidx.profileinstaller:profileinstaller:1.3.0] AndroidManifest.xml:36:13-44
103            android:enabled="true"
103-->[androidx.profileinstaller:profileinstaller:1.3.0] AndroidManifest.xml:37:13-35
104            android:exported="true"
104-->[androidx.profileinstaller:profileinstaller:1.3.0] AndroidManifest.xml:38:13-36
105            android:permission="android.permission.DUMP" >
105-->[androidx.profileinstaller:profileinstaller:1.3.0] AndroidManifest.xml:39:13-57
106            <intent-filter>
106-->[androidx.profileinstaller:profileinstaller:1.3.0] AndroidManifest.xml:40:13-42:29
107                <action android:name="androidx.profileinstaller.action.INSTALL_PROFILE" />
107-->[androidx.profileinstaller:profileinstaller:1.3.0] AndroidManifest.xml:41:17-91
107-->[androidx.profileinstaller:profileinstaller:1.3.0] AndroidManifest.xml:41:25-88
108            </intent-filter>
109            <intent-filter>
109-->[androidx.profileinstaller:profileinstaller:1.3.0] AndroidManifest.xml:43:13-45:29
110                <action android:name="androidx.profileinstaller.action.SKIP_FILE" />
110-->[androidx.profileinstaller:profileinstaller:1.3.0] AndroidManifest.xml:44:17-85
110-->[androidx.profileinstaller:profileinstaller:1.3.0] AndroidManifest.xml:44:25-82
111            </intent-filter>
112            <intent-filter>
112-->[androidx.profileinstaller:profileinstaller:1.3.0] AndroidManifest.xml:46:13-48:29
113                <action android:name="androidx.profileinstaller.action.SAVE_PROFILE" />
113-->[androidx.profileinstaller:profileinstaller:1.3.0] AndroidManifest.xml:47:17-88
113-->[androidx.profileinstaller:profileinstaller:1.3.0] AndroidManifest.xml:47:25-85
114            </intent-filter>
115            <intent-filter>
115-->[androidx.profileinstaller:profileinstaller:1.3.0] AndroidManifest.xml:49:13-51:29
116                <action android:name="androidx.profileinstaller.action.BENCHMARK_OPERATION" />
116-->[androidx.profileinstaller:profileinstaller:1.3.0] AndroidManifest.xml:50:17-95
116-->[androidx.profileinstaller:profileinstaller:1.3.0] AndroidManifest.xml:50:25-92
117            </intent-filter>
118        </receiver>
119    </application>
120
121</manifest>